<?xml version="1.0" encoding="UTF-8"?>
<!-- Generated by org.testng.reporters.JUnitXMLReporter -->
<testsuite ignored="0" hostname="Punam-Shaw" failures="1" tests="1" name="Default test" time="70.396" errors="0" timestamp="2024-04-04T17:36:40 IST">
  <testcase classname="io.cucumber.testng.AbstractTestNGCucumberTests" name="runScenario" time="70.197">
    <failure type="java.lang.AssertionError" message="Price on Cart is NOT same as Price on Product expected [true] but found [false]">
      <![CDATA[java.lang.AssertionError: Price on Cart is NOT same as Price on Product expected [true] but found [false]
at org.testng.Assert.fail(Assert.java:111)
at org.testng.Assert.failNotEquals(Assert.java:1578)
at org.testng.Assert.assertTrue(Assert.java:57)
at pageObjects.CartPage.comparePriceOnCartWithPriceOnProductPage(CartPage.java:76)
at stepDefinitions.StepImplementation.User_verified_the_product_price_in_the_cart(StepImplementation.java:48)
at ✽.User verified the product price in the cart(file:///C:/Users/Punam%20Shaw/git/LnTAutomationAssessment/src/test/java/features/AddProduct.feature:41)
]]>
    </failure>
  </testcase> <!-- runScenario -->
</testsuite> <!-- Default test -->
