<?xml version="1.0" encoding="UTF-8"?>
<testng-results ignored="0" total="1" passed="0" failed="1" skipped="0">
  <reporter-output>
  </reporter-output>
  <suite started-at="2024-04-04T17:35:29 IST" name="Default suite" finished-at="2024-04-04T17:36:40 IST" duration-ms="70396">
    <groups>
      <group name="cucumber">
        <method signature="AbstractTestNGCucumberTests.runScenario(io.cucumber.testng.PickleWrapper,io.cucumber.testng.FeatureWrapper)[pri:0, instance:runner.TestRunner@6be968ce]" name="runScenario" class="io.cucumber.testng.AbstractTestNGCucumberTests"/>
      </group> <!-- cucumber -->
    </groups>
    <test started-at="2024-04-04T17:35:29 IST" name="Default test" finished-at="2024-04-04T17:36:40 IST" duration-ms="70396">
      <class name="runner.TestRunner">
        <test-method is-config="true" signature="setUpClass(org.testng.ITestContext)[pri:0, instance:runner.TestRunner@6be968ce]" started-at="2024-04-04T17:35:29 IST" name="setUpClass" finished-at="2024-04-04T17:35:29 IST" duration-ms="145" status="PASS">
          <params>
            <param index="0">
              <value>
                <![CDATA[org.testng.TestRunner@65383667]]>
              </value>
            </param>
          </params>
          <reporter-output>
          </reporter-output>
        </test-method> <!-- setUpClass -->
        <test-method signature="runScenario(io.cucumber.testng.PickleWrapper,io.cucumber.testng.FeatureWrapper)[pri:0, instance:runner.TestRunner@6be968ce]" started-at="2024-04-04T17:35:29 IST" name="runScenario" description="Runs Cucumber Scenarios" data-provider="scenarios" finished-at="2024-04-04T17:36:40 IST" duration-ms="70197" status="FAIL">
          <params>
            <param index="0">
              <value>
                <![CDATA["Purchase two products"]]>
              </value>
            </param>
            <param index="1">
              <value>
                <![CDATA["Purchase products from Amazon"]]>
              </value>
            </param>
          </params>
          <exception class="java.lang.AssertionError">
            <message>
              <![CDATA[Price on Cart is NOT same as Price on Product expected [true] but found [false]]]>
            </message>
            <full-stacktrace>
              <![CDATA[java.lang.AssertionError: Price on Cart is NOT same as Price on Product expected [true] but found [false]
at org.testng.Assert.fail(Assert.java:111)
at org.testng.Assert.failNotEquals(Assert.java:1578)
at org.testng.Assert.assertTrue(Assert.java:57)
at pageObjects.CartPage.comparePriceOnCartWithPriceOnProductPage(CartPage.java:76)
at stepDefinitions.StepImplementation.User_verified_the_product_price_in_the_cart(StepImplementation.java:48)
at ✽.User verified the product price in the cart(file:///C:/Users/Punam%20Shaw/git/LnTAutomationAssessment/src/test/java/features/AddProduct.feature:41)
]]>
            </full-stacktrace>
          </exception> <!-- java.lang.AssertionError -->
          <reporter-output>
          </reporter-output>
        </test-method> <!-- runScenario -->
        <test-method is-config="true" signature="tearDownClass()[pri:0, instance:runner.TestRunner@6be968ce]" started-at="2024-04-04T17:36:40 IST" name="tearDownClass" finished-at="2024-04-04T17:36:40 IST" duration-ms="2" status="PASS">
          <reporter-output>
          </reporter-output>
        </test-method> <!-- tearDownClass -->
      </class> <!-- runner.TestRunner -->
    </test> <!-- Default test -->
  </suite> <!-- Default suite -->
</testng-results>
